Determining if the _isnan exist failed with the following output:
Change Dir: /home/acer/github/kdbLearn/UniBit/json-c-build/CMakeFiles/CMakeTmp

Run Build Command:"/usr/bin/make" "cmTC_8736e/fast"
/usr/bin/make -f CMakeFiles/cmTC_8736e.dir/build.make CMakeFiles/cmTC_8736e.dir/build
make[1]: Entering directory '/home/acer/github/kdbLearn/UniBit/json-c-build/CMakeFiles/CMakeTmp'
Building C object CMakeFiles/cmTC_8736e.dir/CheckSymbolExists.c.o
/usr/bin/cc  -D_GNU_SOURCE   -o CMakeFiles/cmTC_8736e.dir/CheckSymbolExists.c.o   -c /home/acer/github/kdbLearn/UniBit/json-c-build/CMakeFiles/CMakeTmp/CheckSymbolExists.c
/home/acer/github/kdbLearn/UniBit/json-c-build/CMakeFiles/CMakeTmp/CheckSymbolExists.c: In function ‘main’:
/home/acer/github/kdbLearn/UniBit/json-c-build/CMakeFiles/CMakeTmp/CheckSymbolExists.c:8:19: error: ‘_isnan’ undeclared (first use in this function)
   return ((int*)(&_isnan))[argc];
                   ^
/home/acer/github/kdbLearn/UniBit/json-c-build/CMakeFiles/CMakeTmp/CheckSymbolExists.c:8:19: note: each undeclared identifier is reported only once for each function it appears in
CMakeFiles/cmTC_8736e.dir/build.make:65: recipe for target 'CMakeFiles/cmTC_8736e.dir/CheckSymbolExists.c.o' failed
make[1]: *** [CMakeFiles/cmTC_8736e.dir/CheckSymbolExists.c.o] Error 1
make[1]: Leaving directory '/home/acer/github/kdbLearn/UniBit/json-c-build/CMakeFiles/CMakeTmp'
Makefile:126: recipe for target 'cmTC_8736e/fast' failed
make: *** [cmTC_8736e/fast] Error 2

File /home/acer/github/kdbLearn/UniBit/json-c-build/CMakeFiles/CMakeTmp/CheckSymbolExists.c:
/* */
#include <float.h>

int main(int argc, char** argv)
{
  (void)argv;
#ifndef _isnan
  return ((int*)(&_isnan))[argc];
#else
  (void)argc;
  return 0;
#endif
}

Determining if the _finite exist failed with the following output:
Change Dir: /home/acer/github/kdbLearn/UniBit/json-c-build/CMakeFiles/CMakeTmp

Run Build Command:"/usr/bin/make" "cmTC_ffe44/fast"
/usr/bin/make -f CMakeFiles/cmTC_ffe44.dir/build.make CMakeFiles/cmTC_ffe44.dir/build
make[1]: Entering directory '/home/acer/github/kdbLearn/UniBit/json-c-build/CMakeFiles/CMakeTmp'
Building C object CMakeFiles/cmTC_ffe44.dir/CheckSymbolExists.c.o
/usr/bin/cc  -D_GNU_SOURCE   -o CMakeFiles/cmTC_ffe44.dir/CheckSymbolExists.c.o   -c /home/acer/github/kdbLearn/UniBit/json-c-build/CMakeFiles/CMakeTmp/CheckSymbolExists.c
/home/acer/github/kdbLearn/UniBit/json-c-build/CMakeFiles/CMakeTmp/CheckSymbolExists.c: In function ‘main’:
/home/acer/github/kdbLearn/UniBit/json-c-build/CMakeFiles/CMakeTmp/CheckSymbolExists.c:8:19: error: ‘_finite’ undeclared (first use in this function)
   return ((int*)(&_finite))[argc];
                   ^
/home/acer/github/kdbLearn/UniBit/json-c-build/CMakeFiles/CMakeTmp/CheckSymbolExists.c:8:19: note: each undeclared identifier is reported only once for each function it appears in
CMakeFiles/cmTC_ffe44.dir/build.make:65: recipe for target 'CMakeFiles/cmTC_ffe44.dir/CheckSymbolExists.c.o' failed
make[1]: *** [CMakeFiles/cmTC_ffe44.dir/CheckSymbolExists.c.o] Error 1
make[1]: Leaving directory '/home/acer/github/kdbLearn/UniBit/json-c-build/CMakeFiles/CMakeTmp'
Makefile:126: recipe for target 'cmTC_ffe44/fast' failed
make: *** [cmTC_ffe44/fast] Error 2

File /home/acer/github/kdbLearn/UniBit/json-c-build/CMakeFiles/CMakeTmp/CheckSymbolExists.c:
/* */
#include <float.h>

int main(int argc, char** argv)
{
  (void)argv;
#ifndef _finite
  return ((int*)(&_finite))[argc];
#else
  (void)argc;
  return 0;
#endif
}

Determining if the _doprnt exist failed with the following output:
Change Dir: /home/acer/github/kdbLearn/UniBit/json-c-build/CMakeFiles/CMakeTmp

Run Build Command:"/usr/bin/make" "cmTC_c48a9/fast"
/usr/bin/make -f CMakeFiles/cmTC_c48a9.dir/build.make CMakeFiles/cmTC_c48a9.dir/build
make[1]: Entering directory '/home/acer/github/kdbLearn/UniBit/json-c-build/CMakeFiles/CMakeTmp'
Building C object CMakeFiles/cmTC_c48a9.dir/CheckSymbolExists.c.o
/usr/bin/cc  -D_GNU_SOURCE   -o CMakeFiles/cmTC_c48a9.dir/CheckSymbolExists.c.o   -c /home/acer/github/kdbLearn/UniBit/json-c-build/CMakeFiles/CMakeTmp/CheckSymbolExists.c
/home/acer/github/kdbLearn/UniBit/json-c-build/CMakeFiles/CMakeTmp/CheckSymbolExists.c: In function ‘main’:
/home/acer/github/kdbLearn/UniBit/json-c-build/CMakeFiles/CMakeTmp/CheckSymbolExists.c:8:19: error: ‘_doprnt’ undeclared (first use in this function)
   return ((int*)(&_doprnt))[argc];
                   ^
/home/acer/github/kdbLearn/UniBit/json-c-build/CMakeFiles/CMakeTmp/CheckSymbolExists.c:8:19: note: each undeclared identifier is reported only once for each function it appears in
CMakeFiles/cmTC_c48a9.dir/build.make:65: recipe for target 'CMakeFiles/cmTC_c48a9.dir/CheckSymbolExists.c.o' failed
make[1]: *** [CMakeFiles/cmTC_c48a9.dir/CheckSymbolExists.c.o] Error 1
make[1]: Leaving directory '/home/acer/github/kdbLearn/UniBit/json-c-build/CMakeFiles/CMakeTmp'
Makefile:126: recipe for target 'cmTC_c48a9/fast' failed
make: *** [cmTC_c48a9/fast] Error 2

File /home/acer/github/kdbLearn/UniBit/json-c-build/CMakeFiles/CMakeTmp/CheckSymbolExists.c:
/* */
#include <stdio.h>

int main(int argc, char** argv)
{
  (void)argv;
#ifndef _doprnt
  return ((int*)(&_doprnt))[argc];
#else
  (void)argc;
  return 0;
#endif
}

Performing C SOURCE FILE Test HAS_GNU_WARNING_LONG failed with the following output:
Change Dir: /home/acer/github/kdbLearn/UniBit/json-c-build/CMakeFiles/CMakeTmp

Run Build Command:"/usr/bin/make" "cmTC_8a087/fast"
/usr/bin/make -f CMakeFiles/cmTC_8a087.dir/build.make CMakeFiles/cmTC_8a087.dir/build
make[1]: Entering directory '/home/acer/github/kdbLearn/UniBit/json-c-build/CMakeFiles/CMakeTmp'
Building C object CMakeFiles/cmTC_8a087.dir/src.c.o
/usr/bin/cc  -D_GNU_SOURCE  -DHAS_GNU_WARNING_LONG   -o CMakeFiles/cmTC_8a087.dir/src.c.o   -c /home/acer/github/kdbLearn/UniBit/json-c-build/CMakeFiles/CMakeTmp/src.c
/home/acer/github/kdbLearn/UniBit/json-c-build/CMakeFiles/CMakeTmp/src.c:3:9: warning: missing terminating " character
 __asm__(".section .gnu.json_object_get
         ^
/home/acer/github/kdbLearn/UniBit/json-c-build/CMakeFiles/CMakeTmp/src.c:3:1: error: missing terminating " character
 __asm__(".section .gnu.json_object_get
 ^
/home/acer/github/kdbLearn/UniBit/json-c-build/CMakeFiles/CMakeTmp/src.c:4:2: error: expected string literal before ‘.’ token
  .ascii "Please link against libjson-c instead of libjson"
  ^
/home/acer/github/kdbLearn/UniBit/json-c-build/CMakeFiles/CMakeTmp/src.c:5:7: warning: missing terminating " character
  .text");
       ^
/home/acer/github/kdbLearn/UniBit/json-c-build/CMakeFiles/CMakeTmp/src.c:5:2: error: missing terminating " character
  .text");
  ^
CMakeFiles/cmTC_8a087.dir/build.make:65: recipe for target 'CMakeFiles/cmTC_8a087.dir/src.c.o' failed
make[1]: *** [CMakeFiles/cmTC_8a087.dir/src.c.o] Error 1
make[1]: Leaving directory '/home/acer/github/kdbLearn/UniBit/json-c-build/CMakeFiles/CMakeTmp'
Makefile:126: recipe for target 'cmTC_8a087/fast' failed
make: *** [cmTC_8a087/fast] Error 2

Source file was:

extern void json_object_get();
__asm__(".section .gnu.json_object_get
	.ascii "Please link against libjson-c instead of libjson"
	.text");
int main(int c, char *v) { return 0;}

